f:\bgtu\course3\sem1\sp\labs\os_lab11\os11_htapi\x64\debug\os11_htapi.pch
f:\bgtu\course3\sem1\sp\labs\os_lab11\os11_htapi\x64\debug\vc143.pdb
f:\bgtu\course3\sem1\sp\labs\os_lab11\os11_htapi\x64\debug\vc143.idb
f:\bgtu\course3\sem1\sp\labs\os_lab11\os11_htapi\x64\debug\pch.obj
f:\bgtu\course3\sem1\sp\labs\os_lab11\os11_htapi\x64\debug\ht.obj
f:\bgtu\course3\sem1\sp\labs\os_lab11\os11_htapi\x64\debug\element.obj
f:\bgtu\course3\sem1\sp\labs\os_lab11\os11_htapi\x64\debug\dllmain.obj
f:\bgtu\course3\sem1\sp\labs\os_lab11\os11_htapi\x64\debug\os11_htapi.ilk
f:\bgtu\course3\sem1\sp\labs\os_lab11\x64\debug\os11_htapi.dll
f:\bgtu\course3\sem1\sp\labs\os_lab11\x64\debug\os11_htapi.pdb
f:\bgtu\course3\sem1\sp\labs\os_lab11\x64\debug\os11_htapi.lib
f:\bgtu\course3\sem1\sp\labs\os_lab11\x64\debug\os11_htapi.exp
f:\bgtu\course3\sem1\sp\labs\os_lab11\os11_htapi\x64\debug\os11_htapi.tlog\cl.command.1.tlog
f:\bgtu\course3\sem1\sp\labs\os_lab11\os11_htapi\x64\debug\os11_htapi.tlog\cl.items.tlog
f:\bgtu\course3\sem1\sp\labs\os_lab11\os11_htapi\x64\debug\os11_htapi.tlog\cl.read.1.tlog
f:\bgtu\course3\sem1\sp\labs\os_lab11\os11_htapi\x64\debug\os11_htapi.tlog\cl.write.1.tlog
f:\bgtu\course3\sem1\sp\labs\os_lab11\os11_htapi\x64\debug\os11_htapi.tlog\link.command.1.tlog
f:\bgtu\course3\sem1\sp\labs\os_lab11\os11_htapi\x64\debug\os11_htapi.tlog\link.read.1.tlog
f:\bgtu\course3\sem1\sp\labs\os_lab11\os11_htapi\x64\debug\os11_htapi.tlog\link.write.1.tlog
f:\bgtu\course3\sem1\sp\labs\os_lab11\os11_htapi\x64\debug\os11_htapi.tlog\link.write.2u.tlog
