d:\univer\5-th term\labs sp\usgr_htcom\os14_htcom\x64\debug\os14_htcom.pch
d:\univer\5-th term\labs sp\usgr_htcom\os14_htcom\x64\debug\vc143.pdb
d:\univer\5-th term\labs sp\usgr_htcom\os14_htcom\x64\debug\vc143.idb
d:\univer\5-th term\labs sp\usgr_htcom\os14_htcom\x64\debug\pch.obj
d:\univer\5-th term\labs sp\usgr_htcom\os14_htcom\x64\debug\registry.obj
d:\univer\5-th term\labs sp\usgr_htcom\os14_htcom\x64\debug\dllmain.obj
d:\univer\5-th term\labs sp\usgr_htcom\os14_htcom\x64\debug\componentht.obj
d:\univer\5-th term\labs sp\usgr_htcom\os14_htcom\x64\debug\classfactory.obj
d:\univer\5-th term\labs sp\usgr_htcom\os14_htcom\x64\debug\os14_htcom.ilk
d:\univer\5-th term\labs sp\usgr_htcom\x64\debug\os14_htcom.dll
d:\univer\5-th term\labs sp\usgr_htcom\x64\debug\os14_htcom.pdb
d:\univer\5-th term\labs sp\usgr_htcom\x64\debug\os14_htcom.lib
d:\univer\5-th term\labs sp\usgr_htcom\x64\debug\os14_htcom.exp
d:\labs\course 3\term 1\system programming\06\usgr_htcom\x64\debug\os14_htcom.lib
d:\labs\course 3\term 1\system programming\06\usgr_htcom\x64\debug\os14_htcom.exp
d:\univer\5-th term\labs sp\usgr_htcom\os14_htcom\x64\debug\os14_htcom.tlog\cl.command.1.tlog
d:\univer\5-th term\labs sp\usgr_htcom\os14_htcom\x64\debug\os14_htcom.tlog\cl.items.tlog
d:\univer\5-th term\labs sp\usgr_htcom\os14_htcom\x64\debug\os14_htcom.tlog\cl.read.1.tlog
d:\univer\5-th term\labs sp\usgr_htcom\os14_htcom\x64\debug\os14_htcom.tlog\cl.write.1.tlog
d:\univer\5-th term\labs sp\usgr_htcom\os14_htcom\x64\debug\os14_htcom.tlog\link.command.1.tlog
d:\univer\5-th term\labs sp\usgr_htcom\os14_htcom\x64\debug\os14_htcom.tlog\link.read.1.tlog
d:\univer\5-th term\labs sp\usgr_htcom\os14_htcom\x64\debug\os14_htcom.tlog\link.write.1.tlog
d:\univer\5-th term\labs sp\usgr_htcom\os14_htcom\x64\debug\os14_htcom.tlog\link.write.2u.tlog
d:\univer\5-th term\labs sp\usgr_htcom\os14_htcom\x64\debug\os14_htcom.tlog\os14_htcom.write.1u.tlog
